


ARM Macro Assembler    Page 1 


    1 00000000         ;-------------------------------------------------------
                       ---------------------
    2 00000000         ; Copyright (c) <2013-2015>, <Huawei Technologies Co., L
                       td>
    3 00000000         ; All rights reserved.
    4 00000000         ; Redistribution and use in source and binary forms, wit
                       h or without modification,
    5 00000000         ; are permitted provided that the following conditions a
                       re met:
    6 00000000         ; 1. Redistributions of source code must retain the abov
                       e copyright notice, this list of
    7 00000000         ; conditions and the following disclaimer.
    8 00000000         ; 2. Redistributions in binary form must reproduce the a
                       bove copyright notice, this list
    9 00000000         ; of conditions and the following disclaimer in the docu
                       mentation and/or other materials
   10 00000000         ; provided with the distribution.
   11 00000000         ; 3. Neither the name of the copyright holder nor the na
                       mes of its contributors may be used
   12 00000000         ; to endorse or promote products derived from this softw
                       are without specific prior written
   13 00000000         ; permission.
   14 00000000         ; THIS SOFTWARE IS PROVIDED BY THE COPYRIGHT HOLDERS AND
                        CONTRIBUTORS
   15 00000000         ; "AS IS" AND ANY EXPRESS OR IMPLIED WARRANTIES, INCLUDI
                       NG, BUT NOT LIMITED TO,
   16 00000000         ; THE IMPLIED WARRANTIES OF MERCHANTABILITY AND FITNESS 
                       FOR A PARTICULAR
   17 00000000         ; PURPOSE ARE DISCLAIMED. IN NO EVENT SHALL THE COPYRIGH
                       T HOLDER OR
   18 00000000         ; CONTRIBUTORS BE LIABLE FOR ANY DIRECT, INDIRECT, INCID
                       ENTAL, SPECIAL,
   19 00000000         ; EXEMPLARY, OR CONSEQUENTIAL DAMAGES (INCLUDING, BUT NO
                       T LIMITED TO,
   20 00000000         ; PROCUREMENT OF SUBSTITUTE GOODS OR SERVICES; LOSS OF U
                       SE, DATA, OR PROFITS;
   21 00000000         ; OR BUSINESS INTERRUPTION) HOWEVER CAUSED AND ON ANY TH
                       EORY OF LIABILITY,
   22 00000000         ; WHETHER IN CONTRACT, STRICT LIABILITY, OR TORT (INCLUD
                       ING NEGLIGENCE OR
   23 00000000         ; OTHERWISE) ARISING IN ANY WAY OUT OF THE USE OF THIS S
                       OFTWARE, EVEN IF
   24 00000000         ; ADVISED OF THE POSSIBILITY OF SUCH DAMAGE.
   25 00000000         ;-------------------------------------------------------
                       --------------------*/
   26 00000000         ;-------------------------------------------------------
                       ---------------------
   27 00000000         ; Notice of Export Control Law
   28 00000000         ; ===============================================
   29 00000000         ; Huawei LiteOS may be subject to applicable export cont
                       rol laws and regulations, which might
   30 00000000         ; include those applicable to Huawei LiteOS of U.S. and 
                       the country in which you are located.
   31 00000000         ; Import, export and usage of Huawei LiteOS in any manne
                       r by you shall be in compliance with such
   32 00000000         ; applicable export control laws and regulations.
   33 00000000         ;-------------------------------------------------------
                       --------------------*/
   34 00000000         



ARM Macro Assembler    Page 2 


   35 00000000                 PRESERVE8
   36 00000000         
   37 00000000                 EXPORT           LOS_IntLock
   38 00000000                 EXPORT           LOS_IntUnLock
   39 00000000                 EXPORT           LOS_IntRestore
   40 00000000                 EXPORT           LOS_StartToRun
   41 00000000                 EXPORT           osTaskSchedule
   42 00000000                 EXPORT           PendSV_Handler
   43 00000000                 EXPORT           LOS_IntNumGet
   44 00000000                 EXPORT           osDisableIRQ
   45 00000000         
   46 00000000                 IMPORT           g_stLosTask
   47 00000000                 IMPORT           g_pfnTskSwitchHook
   48 00000000                 IMPORT           g_bTaskScheduled
   49 00000000         
   50 00000000 E000ED04 
                       OS_NVIC_INT_CTRL
                               EQU              0xE000ED04
   51 00000000 E000ED20 
                       OS_NVIC_SYSPRI2
                               EQU              0xE000ED20
   52 00000000 F0F00000 
                       OS_NVIC_PENDSV_PRI
                               EQU              0xF0F00000
   53 00000000 10000000 
                       OS_NVIC_PENDSVSET
                               EQU              0x10000000
   54 00000000 00000010 
                       OS_TASK_STATUS_RUNNING
                               EQU              0x0010
   55 00000000         
   56 00000000                 AREA             |.text|, CODE, READONLY
   57 00000000                 THUMB
   58 00000000                 REQUIRE8
   59 00000000         
   60 00000000         LOS_StartToRun
   61 00000000 4C12            LDR              R4, =OS_NVIC_SYSPRI2
   62 00000002 4D13            LDR              R5, =OS_NVIC_PENDSV_PRI
   63 00000004 6025            STR              R5, [R4]
   64 00000006         
   65 00000006 4813            LDR              R0, =g_bTaskScheduled
   66 00000008 F04F 0101       MOV              R1, #1
   67 0000000C 6001            STR              R1, [R0]
   68 0000000E         
   69 0000000E F04F 0002       MOV              R0, #2
   70 00000012 F380 8814       MSR              CONTROL, R0
   71 00000016         
   72 00000016         
   73 00000016 4810            LDR              R0, =g_stLosTask
   74 00000018 6842            LDR              R2, [R0, #4]
   75 0000001A 480F            LDR              R0, =g_stLosTask
   76 0000001C 6002            STR              R2, [R0]
   77 0000001E         
   78 0000001E 4B0E            LDR              R3, =g_stLosTask
   79 00000020 6818            LDR              R0, [R3]
   80 00000022 8887            LDRH             R7, [R0 , #4]
   81 00000024 F04F 0810       MOV              R8,  #OS_TASK_STATUS_RUNNING
   82 00000028 EA47 0708       ORR              R7,  R8
   83 0000002C 8087            STRH             R7,  [R0 , #4]



ARM Macro Assembler    Page 3 


   84 0000002E         
   85 0000002E F8D0 C000       LDR              R12, [R0]
   86 00000032 F10C 0C24       ADD              R12, R12, #36 ;#100
   87 00000036         
   88 00000036 E8BC 00FF       LDMFD            R12!, {R0-R7}
   89 0000003A         ;ADD     R12, R12, #72
   90 0000003A F38C 8809       MSR              PSP, R12
   91 0000003E         ;VPUSH   S0;
   92 0000003E         ;VPOP    S0;
   93 0000003E         
   94 0000003E 46AE            MOV              LR, R5
   95 00000040 F387 8803       MSR              xPSR, R7
   96 00000044         
   97 00000044 B662            CPSIE            I
   98 00000046 4730            BX               R6
   99 00000048 BF00            NOP
  100 0000004A 00 00           ALIGN
  101 0000004C         
  102 0000004C E000ED20 
              F0F00000 
              00000000 
              00000000         AREA             KERNEL, CODE, READONLY
  103 00000000                 THUMB
  104 00000000         
  105 00000000         LOS_IntNumGet
  106 00000000 F3EF 8005       MRS              R0, IPSR
  107 00000004 4770            BX               LR
  108 00000006         
  109 00000006         osDisableIRQ
  110 00000006 B672            CPSID            I
  111 00000008 4770            BX               LR
  112 0000000A         
  113 0000000A         LOS_IntLock
  114 0000000A F3EF 8010       MRS              R0, PRIMASK
  115 0000000E B672            CPSID            I
  116 00000010 4770            BX               LR
  117 00000012         
  118 00000012         LOS_IntUnLock
  119 00000012 F3EF 8010       MRS              R0, PRIMASK
  120 00000016 B662            CPSIE            I
  121 00000018 4770            BX               LR
  122 0000001A         
  123 0000001A         LOS_IntRestore
  124 0000001A F380 8810       MSR              PRIMASK, R0
  125 0000001E 4770            BX               LR
  126 00000020         
  127 00000020         osTaskSchedule
  128 00000020 4816            LDR              R0, =OS_NVIC_INT_CTRL
  129 00000022 F04F 5180       LDR              R1, =OS_NVIC_PENDSVSET
  130 00000026 6001            STR              R1, [R0]
  131 00000028 4770            BX               LR
  132 0000002A         
  133 0000002A         PendSV_Handler
  134 0000002A F3EF 8C10       MRS              R12, PRIMASK
  135 0000002E B672            CPSID            I
  136 00000030         
  137 00000030 4A13            LDR              R2, =g_pfnTskSwitchHook
  138 00000032 6812            LDR              R2, [R2]
  139 00000034 B11A            CBZ              R2, TaskSwitch



ARM Macro Assembler    Page 4 


  140 00000036 B500            PUSH             {LR}        ;PUSH    {R12, LR}
  141 00000038 4790            BLX              R2
  142 0000003A F85D EB04       POP              {LR}        ;POP     {R12, LR}
  143 0000003E         
  144 0000003E         TaskSwitch
  145 0000003E F3EF 8009       MRS              R0, PSP
  146 00000042         
  147 00000042 E920 1FF0       STMFD            R0!, {R4-R12}
  148 00000046         ;VSTMDB  R0!, {D8-D15}
  149 00000046         
  150 00000046 4D0F            LDR              R5, =g_stLosTask
  151 00000048 682E            LDR              R6, [R5]
  152 0000004A 6030            STR              R0, [R6]
  153 0000004C         
  154 0000004C         
  155 0000004C 88B7            LDRH             R7, [R6 , #4]
  156 0000004E F04F 0810       MOV              R8,#OS_TASK_STATUS_RUNNING
  157 00000052 EA27 0708       BIC              R7, R8      ;BIC     R7, R7, R8
                                                            
  158 00000056 80B7            STRH             R7, [R6 , #4]
  159 00000058         
  160 00000058         
  161 00000058 480A            LDR              R0, =g_stLosTask
  162 0000005A 6840            LDR              R0, [R0, #4]
  163 0000005C 6028            STR              R0, [R5]
  164 0000005E         
  165 0000005E         
  166 0000005E 8887            LDRH             R7, [R0 , #4]
  167 00000060 F04F 0810       MOV              R8,  #OS_TASK_STATUS_RUNNING
  168 00000064 EA47 0708       ORR              R7, R8      ;ORR     R7, R7, R8
                                                            
  169 00000068 8087            STRH             R7,  [R0 , #4]
  170 0000006A         
  171 0000006A 6801            LDR              R1,   [R0]
  172 0000006C         ;VLDMIA  R1!, {D8-D15}
  173 0000006C E8B1 1FF0       LDMFD            R1!, {R4-R12}
  174 00000070 F381 8809       MSR              PSP,  R1
  175 00000074         
  176 00000074 F38C 8810       MSR              PRIMASK, R12
  177 00000078 4770            BX               LR
  178 0000007A         
  179 0000007A BF00            NOP
  180 0000007C                 ALIGN
  181 0000007C                 END
              E000ED04 
              00000000 
              00000000 
Command Line: --debug --xref --diag_suppress=9931 --cpu=Cortex-M3 --apcs=interw
ork --depend=.\objects\los_dispatch_keil.d -o.\objects\los_dispatch_keil.o -IE:
\LiteOS_MulUartIT_STM32F103ZETx\projects\STM32F103ZE_TERABITSNB\RTE -IC:\Keil_v
5\ARM\PACK\Keil\STM32F1xx_DFP\1.1.0\Device\Include -IC:\Keil_v5\ARM\CMSIS\Inclu
de --predefine="__MICROLIB SETA 1" --predefine="__UVISION_VERSION SETA 518" --p
redefine="STM32F10X_HD SETA 1" --list=.\listings\los_dispatch_keil.lst ..\..\ke
rnel\cpu\arm\cortex-m3\los_dispatch_keil.s



ARM Macro Assembler    Page 1 Alphabetic symbol ordering
Relocatable symbols

.text 00000000

Symbol: .text
   Definitions
      At line 56 in file ..\..\kernel\cpu\arm\cortex-m3\los_dispatch_keil.s
   Uses
      None
Comment: .text unused
LOS_StartToRun 00000000

Symbol: LOS_StartToRun
   Definitions
      At line 60 in file ..\..\kernel\cpu\arm\cortex-m3\los_dispatch_keil.s
   Uses
      At line 40 in file ..\..\kernel\cpu\arm\cortex-m3\los_dispatch_keil.s
Comment: LOS_StartToRun used once
2 symbols



ARM Macro Assembler    Page 1 Alphabetic symbol ordering
Relocatable symbols

KERNEL 00000000

Symbol: KERNEL
   Definitions
      At line 102 in file ..\..\kernel\cpu\arm\cortex-m3\los_dispatch_keil.s
   Uses
      None
Comment: KERNEL unused
LOS_IntLock 0000000A

Symbol: LOS_IntLock
   Definitions
      At line 113 in file ..\..\kernel\cpu\arm\cortex-m3\los_dispatch_keil.s
   Uses
      At line 37 in file ..\..\kernel\cpu\arm\cortex-m3\los_dispatch_keil.s
Comment: LOS_IntLock used once
LOS_IntNumGet 00000000

Symbol: LOS_IntNumGet
   Definitions
      At line 105 in file ..\..\kernel\cpu\arm\cortex-m3\los_dispatch_keil.s
   Uses
      At line 43 in file ..\..\kernel\cpu\arm\cortex-m3\los_dispatch_keil.s
Comment: LOS_IntNumGet used once
LOS_IntRestore 0000001A

Symbol: LOS_IntRestore
   Definitions
      At line 123 in file ..\..\kernel\cpu\arm\cortex-m3\los_dispatch_keil.s
   Uses
      At line 39 in file ..\..\kernel\cpu\arm\cortex-m3\los_dispatch_keil.s
Comment: LOS_IntRestore used once
LOS_IntUnLock 00000012

Symbol: LOS_IntUnLock
   Definitions
      At line 118 in file ..\..\kernel\cpu\arm\cortex-m3\los_dispatch_keil.s
   Uses
      At line 38 in file ..\..\kernel\cpu\arm\cortex-m3\los_dispatch_keil.s
Comment: LOS_IntUnLock used once
PendSV_Handler 0000002A

Symbol: PendSV_Handler
   Definitions
      At line 133 in file ..\..\kernel\cpu\arm\cortex-m3\los_dispatch_keil.s
   Uses
      At line 42 in file ..\..\kernel\cpu\arm\cortex-m3\los_dispatch_keil.s
Comment: PendSV_Handler used once
TaskSwitch 0000003E

Symbol: TaskSwitch
   Definitions
      At line 144 in file ..\..\kernel\cpu\arm\cortex-m3\los_dispatch_keil.s
   Uses
      At line 139 in file ..\..\kernel\cpu\arm\cortex-m3\los_dispatch_keil.s
Comment: TaskSwitch used once
osDisableIRQ 00000006

Symbol: osDisableIRQ



ARM Macro Assembler    Page 2 Alphabetic symbol ordering
Relocatable symbols

   Definitions
      At line 109 in file ..\..\kernel\cpu\arm\cortex-m3\los_dispatch_keil.s
   Uses
      At line 44 in file ..\..\kernel\cpu\arm\cortex-m3\los_dispatch_keil.s
Comment: osDisableIRQ used once
osTaskSchedule 00000020

Symbol: osTaskSchedule
   Definitions
      At line 127 in file ..\..\kernel\cpu\arm\cortex-m3\los_dispatch_keil.s
   Uses
      At line 41 in file ..\..\kernel\cpu\arm\cortex-m3\los_dispatch_keil.s
Comment: osTaskSchedule used once
9 symbols



ARM Macro Assembler    Page 1 Alphabetic symbol ordering
Absolute symbols

OS_NVIC_INT_CTRL E000ED04

Symbol: OS_NVIC_INT_CTRL
   Definitions
      At line 50 in file ..\..\kernel\cpu\arm\cortex-m3\los_dispatch_keil.s
   Uses
      At line 128 in file ..\..\kernel\cpu\arm\cortex-m3\los_dispatch_keil.s
Comment: OS_NVIC_INT_CTRL used once
OS_NVIC_PENDSVSET 10000000

Symbol: OS_NVIC_PENDSVSET
   Definitions
      At line 53 in file ..\..\kernel\cpu\arm\cortex-m3\los_dispatch_keil.s
   Uses
      At line 129 in file ..\..\kernel\cpu\arm\cortex-m3\los_dispatch_keil.s
Comment: OS_NVIC_PENDSVSET used once
OS_NVIC_PENDSV_PRI F0F00000

Symbol: OS_NVIC_PENDSV_PRI
   Definitions
      At line 52 in file ..\..\kernel\cpu\arm\cortex-m3\los_dispatch_keil.s
   Uses
      At line 62 in file ..\..\kernel\cpu\arm\cortex-m3\los_dispatch_keil.s
Comment: OS_NVIC_PENDSV_PRI used once
OS_NVIC_SYSPRI2 E000ED20

Symbol: OS_NVIC_SYSPRI2
   Definitions
      At line 51 in file ..\..\kernel\cpu\arm\cortex-m3\los_dispatch_keil.s
   Uses
      At line 61 in file ..\..\kernel\cpu\arm\cortex-m3\los_dispatch_keil.s
Comment: OS_NVIC_SYSPRI2 used once
OS_TASK_STATUS_RUNNING 00000010

Symbol: OS_TASK_STATUS_RUNNING
   Definitions
      At line 54 in file ..\..\kernel\cpu\arm\cortex-m3\los_dispatch_keil.s
   Uses
      At line 81 in file ..\..\kernel\cpu\arm\cortex-m3\los_dispatch_keil.s
      At line 156 in file ..\..\kernel\cpu\arm\cortex-m3\los_dispatch_keil.s
      At line 167 in file ..\..\kernel\cpu\arm\cortex-m3\los_dispatch_keil.s

5 symbols



ARM Macro Assembler    Page 1 Alphabetic symbol ordering
External symbols

g_bTaskScheduled 00000000

Symbol: g_bTaskScheduled
   Definitions
      At line 48 in file ..\..\kernel\cpu\arm\cortex-m3\los_dispatch_keil.s
   Uses
      At line 65 in file ..\..\kernel\cpu\arm\cortex-m3\los_dispatch_keil.s
Comment: g_bTaskScheduled used once
g_pfnTskSwitchHook 00000000

Symbol: g_pfnTskSwitchHook
   Definitions
      At line 47 in file ..\..\kernel\cpu\arm\cortex-m3\los_dispatch_keil.s
   Uses
      At line 137 in file ..\..\kernel\cpu\arm\cortex-m3\los_dispatch_keil.s
Comment: g_pfnTskSwitchHook used once
g_stLosTask 00000000

Symbol: g_stLosTask
   Definitions
      At line 46 in file ..\..\kernel\cpu\arm\cortex-m3\los_dispatch_keil.s
   Uses
      At line 73 in file ..\..\kernel\cpu\arm\cortex-m3\los_dispatch_keil.s
      At line 75 in file ..\..\kernel\cpu\arm\cortex-m3\los_dispatch_keil.s
      At line 78 in file ..\..\kernel\cpu\arm\cortex-m3\los_dispatch_keil.s
      At line 150 in file ..\..\kernel\cpu\arm\cortex-m3\los_dispatch_keil.s
      At line 161 in file ..\..\kernel\cpu\arm\cortex-m3\los_dispatch_keil.s

3 symbols
356 symbols in table
